{
 "cells": [
  {
   "cell_type": "markdown",
   "metadata": {},
   "source": [
    "#### SQL Tuning Exploration"
   ]
  },
  {
   "cell_type": "code",
   "execution_count": 31,
   "metadata": {},
   "outputs": [],
   "source": [
    "# Packages\n",
    "import numpy as np\n",
    "import pandas as pd\n",
    "from sqlalchemy import create_engine\n",
    "from sqlalchemy import text\n",
    "from sqlalchemy.orm import sessionmaker\n",
    "import os\n",
    "from dotenv import load_dotenv\n",
    "import logging\n",
    "import re"
   ]
  },
  {
   "cell_type": "code",
   "execution_count": 139,
   "metadata": {},
   "outputs": [],
   "source": [
    "# Constants\n",
    "load_dotenv(\"../src/.env\")\n",
    "DB_USER = os.getenv(\"DB_USER\")\n",
    "DB_NAME = \"dblp\"\n",
    "DB_PASSWORD = os.getenv(\"DB_PASSWORD\")\n",
    "HOST = os.getenv(\"HOST\")\n",
    "PORT = os.getenv(\"PORT\")\n",
    "CONNECT_STRING = f\"postgresql://{DB_USER}:{DB_PASSWORD}@{HOST}:{PORT}/{DB_NAME}\"\n",
    "SQL_CODE = \"../src/sql_tuning_testing.sql\"\n",
    "\n",
    "# Settings\n",
    "pd.set_option('display.max_colwidth', None)\n",
    "\n",
    "# Engine\n",
    "engine = create_engine(CONNECT_STRING)\n",
    "Session = sessionmaker(engine)"
   ]
  },
  {
   "cell_type": "code",
   "execution_count": 132,
   "metadata": {},
   "outputs": [],
   "source": [
    "# Parse query into a dictionary of dictionaries with keys (Question, Query, Indexes, Cleanup)\n",
    "parsed_query = {f\"P{k+1}\":v for k,v in \n",
    "                enumerate([{re.sub(r\"^/\\*(\\w+):[\\S\\s]*\", r\"\\1\",i):re.sub(r\"\\*/\",\"\",re.sub(r\"^.*:\\*/\\n|^.*: \", \"\",i)) for i in j} for j in test])}"
   ]
  },
  {
   "cell_type": "code",
   "execution_count": 146,
   "metadata": {},
   "outputs": [],
   "source": [
    "def indexing_experiment(question_num):\n",
    "    \"\"\"Helper function to iterate through parsed SQL code to run each query, evaluate performance with/without indices, and\n",
    "    cleanup.\"\"\"\n",
    "    context = parsed_query[question_num]\n",
    "    # Show Question\n",
    "    print(context['Question'])\n",
    "\n",
    "    # Show query result\n",
    "    print(\"Query Result (First 5 rows)\")\n",
    "    display(pd.read_sql(context['Query'], engine).head())\n",
    "\n",
    "    # Explain results before indexing\n",
    "    print('EXPLAIN results')\n",
    "    display(pd.read_sql(\"EXPLAIN (ANALYZE,BUFFERS) \" + context['Query'], engine))\n",
    "\n",
    "    # Run indexing\n",
    "    with Session() as session:\n",
    "        session.execute(text(context['Indexing']))\n",
    "        session.commit()\n",
    "\n",
    "    # Re-run Explain\n",
    "    print('EXPLAIN results')\n",
    "    display(pd.read_sql(\"EXPLAIN (ANALYZE,BUFFERS) \" + context['Query'], engine))\n",
    "\n",
    "    # Cleanup indexes\n",
    "    with Session() as session:\n",
    "        session.execute(text(context['Cleanup']))\n",
    "        session.commit()"
   ]
  },
  {
   "cell_type": "markdown",
   "metadata": {},
   "source": [
    "##### Question 1:\n",
    "We can see that"
   ]
  },
  {
   "cell_type": "code",
   "execution_count": 147,
   "metadata": {},
   "outputs": [
    {
     "name": "stdout",
     "output_type": "stream",
     "text": [
      "Write a SQL Query to find all the conferences held in 2018 that have published at least 200 papers in a single decade.\n",
      "\n",
      "\n",
      "Query Result (First 5 rows)\n"
     ]
    },
    {
     "data": {
      "text/html": [
       "<div>\n",
       "<style scoped>\n",
       "    .dataframe tbody tr th:only-of-type {\n",
       "        vertical-align: middle;\n",
       "    }\n",
       "\n",
       "    .dataframe tbody tr th {\n",
       "        vertical-align: top;\n",
       "    }\n",
       "\n",
       "    .dataframe thead th {\n",
       "        text-align: right;\n",
       "    }\n",
       "</style>\n",
       "<table border=\"1\" class=\"dataframe\">\n",
       "  <thead>\n",
       "    <tr style=\"text-align: right;\">\n",
       "      <th></th>\n",
       "      <th>booktitle</th>\n",
       "    </tr>\n",
       "  </thead>\n",
       "  <tbody>\n",
       "    <tr>\n",
       "      <th>0</th>\n",
       "      <td>COLINS</td>\n",
       "    </tr>\n",
       "    <tr>\n",
       "      <th>1</th>\n",
       "      <td>ICL (2)</td>\n",
       "    </tr>\n",
       "    <tr>\n",
       "      <th>2</th>\n",
       "      <td>CBI (1)</td>\n",
       "    </tr>\n",
       "    <tr>\n",
       "      <th>3</th>\n",
       "      <td>ICSOC</td>\n",
       "    </tr>\n",
       "    <tr>\n",
       "      <th>4</th>\n",
       "      <td>FG</td>\n",
       "    </tr>\n",
       "  </tbody>\n",
       "</table>\n",
       "</div>"
      ],
      "text/plain": [
       "  booktitle\n",
       "0    COLINS\n",
       "1   ICL (2)\n",
       "2   CBI (1)\n",
       "3     ICSOC\n",
       "4        FG"
      ]
     },
     "metadata": {},
     "output_type": "display_data"
    },
    {
     "name": "stdout",
     "output_type": "stream",
     "text": [
      "EXPLAIN results\n"
     ]
    },
    {
     "data": {
      "text/html": [
       "<div>\n",
       "<style scoped>\n",
       "    .dataframe tbody tr th:only-of-type {\n",
       "        vertical-align: middle;\n",
       "    }\n",
       "\n",
       "    .dataframe tbody tr th {\n",
       "        vertical-align: top;\n",
       "    }\n",
       "\n",
       "    .dataframe thead th {\n",
       "        text-align: right;\n",
       "    }\n",
       "</style>\n",
       "<table border=\"1\" class=\"dataframe\">\n",
       "  <thead>\n",
       "    <tr style=\"text-align: right;\">\n",
       "      <th></th>\n",
       "      <th>QUERY PLAN</th>\n",
       "    </tr>\n",
       "  </thead>\n",
       "  <tbody>\n",
       "    <tr>\n",
       "      <th>0</th>\n",
       "      <td>HashAggregate  (cost=609916.11..609918.11 rows=200 width=8) (actual time=1527.338..1527.457 rows=1456 loops=1)</td>\n",
       "    </tr>\n",
       "    <tr>\n",
       "      <th>1</th>\n",
       "      <td>Group Key: inp.booktitle</td>\n",
       "    </tr>\n",
       "    <tr>\n",
       "      <th>2</th>\n",
       "      <td>Batches: 1  Memory Usage: 145kB</td>\n",
       "    </tr>\n",
       "    <tr>\n",
       "      <th>3</th>\n",
       "      <td>Buffers: shared hit=31928 read=133286</td>\n",
       "    </tr>\n",
       "    <tr>\n",
       "      <th>4</th>\n",
       "      <td>-&gt;  HashAggregate  (cost=549876.72..608476.32 rows=115183 width=48) (actual time=1526.077..1526.970 rows=2691 loops=1)</td>\n",
       "    </tr>\n",
       "    <tr>\n",
       "      <th>5</th>\n",
       "      <td>Group Key: inp.booktitle, substr(inp.year, 3, 1)</td>\n",
       "    </tr>\n",
       "    <tr>\n",
       "      <th>6</th>\n",
       "      <td>Filter: (count(*) &gt;= 200)</td>\n",
       "    </tr>\n",
       "    <tr>\n",
       "      <th>7</th>\n",
       "      <td>Planned Partitions: 8  Batches: 1  Memory Usage: 2065kB</td>\n",
       "    </tr>\n",
       "    <tr>\n",
       "      <th>8</th>\n",
       "      <td>Rows Removed by Filter: 3890</td>\n",
       "    </tr>\n",
       "    <tr>\n",
       "      <th>9</th>\n",
       "      <td>Buffers: shared hit=31928 read=133286</td>\n",
       "    </tr>\n",
       "    <tr>\n",
       "      <th>10</th>\n",
       "      <td>-&gt;  Hash Join  (cost=104003.38..238881.27 rows=3455505 width=40) (actual time=272.791..1181.181 rows=2375127 loops=1)</td>\n",
       "    </tr>\n",
       "    <tr>\n",
       "      <th>11</th>\n",
       "      <td>Hash Cond: (inp.booktitle = inproceedings.booktitle)</td>\n",
       "    </tr>\n",
       "    <tr>\n",
       "      <th>12</th>\n",
       "      <td>Buffers: shared hit=31928 read=133286</td>\n",
       "    </tr>\n",
       "    <tr>\n",
       "      <th>13</th>\n",
       "      <td>-&gt;  Seq Scan on inproceedings inp  (cost=0.00..117162.05 rows=3455505 width=13) (actual time=0.009..354.760 rows=3455505 loops=1)</td>\n",
       "    </tr>\n",
       "    <tr>\n",
       "      <th>14</th>\n",
       "      <td>Buffers: shared hit=16012 read=66595</td>\n",
       "    </tr>\n",
       "    <tr>\n",
       "      <th>15</th>\n",
       "      <td>-&gt;  Hash  (cost=103928.10..103928.10 rows=6022 width=8) (actual time=272.773..272.817 rows=2901 loops=1)</td>\n",
       "    </tr>\n",
       "    <tr>\n",
       "      <th>16</th>\n",
       "      <td>Buckets: 8192  Batches: 1  Memory Usage: 183kB</td>\n",
       "    </tr>\n",
       "    <tr>\n",
       "      <th>17</th>\n",
       "      <td>Buffers: shared hit=15916 read=66691</td>\n",
       "    </tr>\n",
       "    <tr>\n",
       "      <th>18</th>\n",
       "      <td>-&gt;  Unique  (cost=103867.88..103928.10 rows=6022 width=8) (actual time=271.973..272.536 rows=2901 loops=1)</td>\n",
       "    </tr>\n",
       "    <tr>\n",
       "      <th>19</th>\n",
       "      <td>Buffers: shared hit=15916 read=66691</td>\n",
       "    </tr>\n",
       "    <tr>\n",
       "      <th>20</th>\n",
       "      <td>-&gt;  Sort  (cost=103867.88..103897.99 rows=12044 width=8) (actual time=271.972..272.135 rows=4314 loops=1)</td>\n",
       "    </tr>\n",
       "    <tr>\n",
       "      <th>21</th>\n",
       "      <td>Sort Key: inproceedings.booktitle</td>\n",
       "    </tr>\n",
       "    <tr>\n",
       "      <th>22</th>\n",
       "      <td>Sort Method: quicksort  Memory: 283kB</td>\n",
       "    </tr>\n",
       "    <tr>\n",
       "      <th>23</th>\n",
       "      <td>Buffers: shared hit=15916 read=66691</td>\n",
       "    </tr>\n",
       "    <tr>\n",
       "      <th>24</th>\n",
       "      <td>-&gt;  Gather  (cost=101786.92..103051.54 rows=12044 width=8) (actual time=263.141..263.631 rows=4314 loops=1)</td>\n",
       "    </tr>\n",
       "    <tr>\n",
       "      <th>25</th>\n",
       "      <td>Workers Planned: 2</td>\n",
       "    </tr>\n",
       "    <tr>\n",
       "      <th>26</th>\n",
       "      <td>Workers Launched: 2</td>\n",
       "    </tr>\n",
       "    <tr>\n",
       "      <th>27</th>\n",
       "      <td>Buffers: shared hit=15916 read=66691</td>\n",
       "    </tr>\n",
       "    <tr>\n",
       "      <th>28</th>\n",
       "      <td>-&gt;  HashAggregate  (cost=100786.92..100847.14 rows=6022 width=8) (actual time=210.237..210.382 rows=1438 loops=3)</td>\n",
       "    </tr>\n",
       "    <tr>\n",
       "      <th>29</th>\n",
       "      <td>Group Key: inproceedings.booktitle</td>\n",
       "    </tr>\n",
       "    <tr>\n",
       "      <th>30</th>\n",
       "      <td>Batches: 1  Memory Usage: 337kB</td>\n",
       "    </tr>\n",
       "    <tr>\n",
       "      <th>31</th>\n",
       "      <td>Buffers: shared hit=15916 read=66691</td>\n",
       "    </tr>\n",
       "    <tr>\n",
       "      <th>32</th>\n",
       "      <td>Worker 0:  Batches: 1  Memory Usage: 337kB</td>\n",
       "    </tr>\n",
       "    <tr>\n",
       "      <th>33</th>\n",
       "      <td>Worker 1:  Batches: 1  Memory Usage: 273kB</td>\n",
       "    </tr>\n",
       "    <tr>\n",
       "      <th>34</th>\n",
       "      <td>-&gt;  Parallel Seq Scan on inproceedings  (cost=0.00..100604.42 rows=72998 width=8) (actual time=0.305..201.210 rows=58681 loops=3)</td>\n",
       "    </tr>\n",
       "    <tr>\n",
       "      <th>35</th>\n",
       "      <td>Filter: (year = '2018'::text)</td>\n",
       "    </tr>\n",
       "    <tr>\n",
       "      <th>36</th>\n",
       "      <td>Rows Removed by Filter: 1093154</td>\n",
       "    </tr>\n",
       "    <tr>\n",
       "      <th>37</th>\n",
       "      <td>Buffers: shared hit=15916 read=66691</td>\n",
       "    </tr>\n",
       "    <tr>\n",
       "      <th>38</th>\n",
       "      <td>Planning Time: 0.159 ms</td>\n",
       "    </tr>\n",
       "    <tr>\n",
       "      <th>39</th>\n",
       "      <td>Execution Time: 1527.914 ms</td>\n",
       "    </tr>\n",
       "  </tbody>\n",
       "</table>\n",
       "</div>"
      ],
      "text/plain": [
       "                                                                                                                                                                       QUERY PLAN\n",
       "0                                                                  HashAggregate  (cost=609916.11..609918.11 rows=200 width=8) (actual time=1527.338..1527.457 rows=1456 loops=1)\n",
       "1                                                                                                                                                        Group Key: inp.booktitle\n",
       "2                                                                                                                                                 Batches: 1  Memory Usage: 145kB\n",
       "3                                                                                                                                           Buffers: shared hit=31928 read=133286\n",
       "4                                                          ->  HashAggregate  (cost=549876.72..608476.32 rows=115183 width=48) (actual time=1526.077..1526.970 rows=2691 loops=1)\n",
       "5                                                                                                                                Group Key: inp.booktitle, substr(inp.year, 3, 1)\n",
       "6                                                                                                                                                       Filter: (count(*) >= 200)\n",
       "7                                                                                                                         Planned Partitions: 8  Batches: 1  Memory Usage: 2065kB\n",
       "8                                                                                                                                                    Rows Removed by Filter: 3890\n",
       "9                                                                                                                                           Buffers: shared hit=31928 read=133286\n",
       "10                                                          ->  Hash Join  (cost=104003.38..238881.27 rows=3455505 width=40) (actual time=272.791..1181.181 rows=2375127 loops=1)\n",
       "11                                                                                                                           Hash Cond: (inp.booktitle = inproceedings.booktitle)\n",
       "12                                                                                                                                          Buffers: shared hit=31928 read=133286\n",
       "13                                              ->  Seq Scan on inproceedings inp  (cost=0.00..117162.05 rows=3455505 width=13) (actual time=0.009..354.760 rows=3455505 loops=1)\n",
       "14                                                                                                                                           Buffers: shared hit=16012 read=66595\n",
       "15                                                                       ->  Hash  (cost=103928.10..103928.10 rows=6022 width=8) (actual time=272.773..272.817 rows=2901 loops=1)\n",
       "16                                                                                                                                 Buckets: 8192  Batches: 1  Memory Usage: 183kB\n",
       "17                                                                                                                                           Buffers: shared hit=15916 read=66691\n",
       "18                                                                     ->  Unique  (cost=103867.88..103928.10 rows=6022 width=8) (actual time=271.973..272.536 rows=2901 loops=1)\n",
       "19                                                                                                                                           Buffers: shared hit=15916 read=66691\n",
       "20                                                                      ->  Sort  (cost=103867.88..103897.99 rows=12044 width=8) (actual time=271.972..272.135 rows=4314 loops=1)\n",
       "21                                                                                                                                              Sort Key: inproceedings.booktitle\n",
       "22                                                                                                                                          Sort Method: quicksort  Memory: 283kB\n",
       "23                                                                                                                                           Buffers: shared hit=15916 read=66691\n",
       "24                                                                    ->  Gather  (cost=101786.92..103051.54 rows=12044 width=8) (actual time=263.141..263.631 rows=4314 loops=1)\n",
       "25                                                                                                                                                             Workers Planned: 2\n",
       "26                                                                                                                                                            Workers Launched: 2\n",
       "27                                                                                                                                           Buffers: shared hit=15916 read=66691\n",
       "28                                                              ->  HashAggregate  (cost=100786.92..100847.14 rows=6022 width=8) (actual time=210.237..210.382 rows=1438 loops=3)\n",
       "29                                                                                                                                             Group Key: inproceedings.booktitle\n",
       "30                                                                                                                                                Batches: 1  Memory Usage: 337kB\n",
       "31                                                                                                                                           Buffers: shared hit=15916 read=66691\n",
       "32                                                                                                                                     Worker 0:  Batches: 1  Memory Usage: 337kB\n",
       "33                                                                                                                                     Worker 1:  Batches: 1  Memory Usage: 273kB\n",
       "34                                              ->  Parallel Seq Scan on inproceedings  (cost=0.00..100604.42 rows=72998 width=8) (actual time=0.305..201.210 rows=58681 loops=3)\n",
       "35                                                                                                                                                  Filter: (year = '2018'::text)\n",
       "36                                                                                                                                                Rows Removed by Filter: 1093154\n",
       "37                                                                                                                                           Buffers: shared hit=15916 read=66691\n",
       "38                                                                                                                                                        Planning Time: 0.159 ms\n",
       "39                                                                                                                                                    Execution Time: 1527.914 ms"
      ]
     },
     "metadata": {},
     "output_type": "display_data"
    },
    {
     "name": "stdout",
     "output_type": "stream",
     "text": [
      "EXPLAIN results\n"
     ]
    },
    {
     "data": {
      "text/html": [
       "<div>\n",
       "<style scoped>\n",
       "    .dataframe tbody tr th:only-of-type {\n",
       "        vertical-align: middle;\n",
       "    }\n",
       "\n",
       "    .dataframe tbody tr th {\n",
       "        vertical-align: top;\n",
       "    }\n",
       "\n",
       "    .dataframe thead th {\n",
       "        text-align: right;\n",
       "    }\n",
       "</style>\n",
       "<table border=\"1\" class=\"dataframe\">\n",
       "  <thead>\n",
       "    <tr style=\"text-align: right;\">\n",
       "      <th></th>\n",
       "      <th>QUERY PLAN</th>\n",
       "    </tr>\n",
       "  </thead>\n",
       "  <tbody>\n",
       "    <tr>\n",
       "      <th>0</th>\n",
       "      <td>Unique  (cost=416268.58..508132.91 rows=200 width=8) (actual time=944.256..956.138 rows=1456 loops=1)</td>\n",
       "    </tr>\n",
       "    <tr>\n",
       "      <th>1</th>\n",
       "      <td>Buffers: shared hit=135348 read=125840 written=12</td>\n",
       "    </tr>\n",
       "    <tr>\n",
       "      <th>2</th>\n",
       "      <td>-&gt;  Subquery Scan on paper_counts  (cost=416268.58..507844.95 rows=115183 width=8) (actual time=944.255..955.860 rows=2691 loops=1)</td>\n",
       "    </tr>\n",
       "    <tr>\n",
       "      <th>3</th>\n",
       "      <td>Buffers: shared hit=135348 read=125840 written=12</td>\n",
       "    </tr>\n",
       "    <tr>\n",
       "      <th>4</th>\n",
       "      <td>-&gt;  Finalize GroupAggregate  (cost=416268.58..506693.12 rows=115183 width=48) (actual time=944.254..955.725 rows=2691 loops=1)</td>\n",
       "    </tr>\n",
       "    <tr>\n",
       "      <th>5</th>\n",
       "      <td>Group Key: inp.booktitle, (substr(inp.year, 3, 1))</td>\n",
       "    </tr>\n",
       "    <tr>\n",
       "      <th>6</th>\n",
       "      <td>Filter: (count(*) &gt;= 200)</td>\n",
       "    </tr>\n",
       "    <tr>\n",
       "      <th>7</th>\n",
       "      <td>Rows Removed by Filter: 3890</td>\n",
       "    </tr>\n",
       "    <tr>\n",
       "      <th>8</th>\n",
       "      <td>Buffers: shared hit=135348 read=125840 written=12</td>\n",
       "    </tr>\n",
       "    <tr>\n",
       "      <th>9</th>\n",
       "      <td>-&gt;  Gather Merge  (cost=416268.58..496902.54 rows=691100 width=48) (actual time=944.243..953.757 rows=11304 loops=1)</td>\n",
       "    </tr>\n",
       "    <tr>\n",
       "      <th>10</th>\n",
       "      <td>Workers Planned: 2</td>\n",
       "    </tr>\n",
       "    <tr>\n",
       "      <th>11</th>\n",
       "      <td>Workers Launched: 2</td>\n",
       "    </tr>\n",
       "    <tr>\n",
       "      <th>12</th>\n",
       "      <td>Buffers: shared hit=135348 read=125840 written=12</td>\n",
       "    </tr>\n",
       "    <tr>\n",
       "      <th>13</th>\n",
       "      <td>-&gt;  Sort  (cost=415268.55..416132.43 rows=345550 width=48) (actual time=924.705..924.921 rows=3768 loops=3)</td>\n",
       "    </tr>\n",
       "    <tr>\n",
       "      <th>14</th>\n",
       "      <td>Sort Key: inp.booktitle, (substr(inp.year, 3, 1))</td>\n",
       "    </tr>\n",
       "    <tr>\n",
       "      <th>15</th>\n",
       "      <td>Sort Method: quicksort  Memory: 270kB</td>\n",
       "    </tr>\n",
       "    <tr>\n",
       "      <th>16</th>\n",
       "      <td>Buffers: shared hit=135348 read=125840 written=12</td>\n",
       "    </tr>\n",
       "    <tr>\n",
       "      <th>17</th>\n",
       "      <td>Worker 0:  Sort Method: quicksort  Memory: 263kB</td>\n",
       "    </tr>\n",
       "    <tr>\n",
       "      <th>18</th>\n",
       "      <td>Worker 1:  Sort Method: quicksort  Memory: 263kB</td>\n",
       "    </tr>\n",
       "    <tr>\n",
       "      <th>19</th>\n",
       "      <td>-&gt;  Partial HashAggregate  (cost=346031.33..372847.48 rows=345550 width=48) (actual time=915.832..916.474 rows=3768 loops=3)</td>\n",
       "    </tr>\n",
       "    <tr>\n",
       "      <th>20</th>\n",
       "      <td>Group Key: inp.booktitle, substr(inp.year, 3, 1)</td>\n",
       "    </tr>\n",
       "    <tr>\n",
       "      <th>21</th>\n",
       "      <td>Planned Partitions: 8  Batches: 1  Memory Usage: 2065kB</td>\n",
       "    </tr>\n",
       "    <tr>\n",
       "      <th>22</th>\n",
       "      <td>Buffers: shared hit=135333 read=125839 written=12</td>\n",
       "    </tr>\n",
       "    <tr>\n",
       "      <th>23</th>\n",
       "      <td>Worker 0:  Batches: 1  Memory Usage: 1809kB</td>\n",
       "    </tr>\n",
       "    <tr>\n",
       "      <th>24</th>\n",
       "      <td>Worker 1:  Batches: 1  Memory Usage: 1809kB</td>\n",
       "    </tr>\n",
       "    <tr>\n",
       "      <th>25</th>\n",
       "      <td>-&gt;  Hash Join  (cost=112063.33..216449.87 rows=1439794 width=40) (actual time=419.530..790.304 rows=791709 loops=3)</td>\n",
       "    </tr>\n",
       "    <tr>\n",
       "      <th>26</th>\n",
       "      <td>Hash Cond: (inp.booktitle = inproceedings.booktitle)</td>\n",
       "    </tr>\n",
       "    <tr>\n",
       "      <th>27</th>\n",
       "      <td>Buffers: shared hit=135333 read=125839 written=12</td>\n",
       "    </tr>\n",
       "    <tr>\n",
       "      <th>28</th>\n",
       "      <td>-&gt;  Parallel Seq Scan on inproceedings inp  (cost=0.00..97004.94 rows=1439794 width=13) (actual time=0.025..168.711 rows=1151835 loops=3)</td>\n",
       "    </tr>\n",
       "    <tr>\n",
       "      <th>29</th>\n",
       "      <td>Buffers: shared hit=16287 read=66320</td>\n",
       "    </tr>\n",
       "    <tr>\n",
       "      <th>30</th>\n",
       "      <td>-&gt;  Hash  (cost=111988.05..111988.05 rows=6022 width=8) (actual time=419.461..419.462 rows=2901 loops=3)</td>\n",
       "    </tr>\n",
       "    <tr>\n",
       "      <th>31</th>\n",
       "      <td>Buckets: 8192  Batches: 1  Memory Usage: 183kB</td>\n",
       "    </tr>\n",
       "    <tr>\n",
       "      <th>32</th>\n",
       "      <td>Buffers: shared hit=119042 read=59517 written=12</td>\n",
       "    </tr>\n",
       "    <tr>\n",
       "      <th>33</th>\n",
       "      <td>-&gt;  HashAggregate  (cost=111927.83..111988.05 rows=6022 width=8) (actual time=418.840..419.125 rows=2901 loops=3)</td>\n",
       "    </tr>\n",
       "    <tr>\n",
       "      <th>34</th>\n",
       "      <td>Group Key: inproceedings.booktitle</td>\n",
       "    </tr>\n",
       "    <tr>\n",
       "      <th>35</th>\n",
       "      <td>Batches: 1  Memory Usage: 337kB</td>\n",
       "    </tr>\n",
       "    <tr>\n",
       "      <th>36</th>\n",
       "      <td>Buffers: shared hit=119042 read=59517 written=12</td>\n",
       "    </tr>\n",
       "    <tr>\n",
       "      <th>37</th>\n",
       "      <td>Worker 0:  Batches: 1  Memory Usage: 337kB</td>\n",
       "    </tr>\n",
       "    <tr>\n",
       "      <th>38</th>\n",
       "      <td>Worker 1:  Batches: 1  Memory Usage: 337kB</td>\n",
       "    </tr>\n",
       "    <tr>\n",
       "      <th>39</th>\n",
       "      <td>-&gt;  Bitmap Heap Scan on inproceedings  (cost=1954.18..111489.85 rows=175194 width=8) (actual time=16.658..375.129 rows=176043 loops=3)</td>\n",
       "    </tr>\n",
       "    <tr>\n",
       "      <th>40</th>\n",
       "      <td>Recheck Cond: (year = '2018'::text)</td>\n",
       "    </tr>\n",
       "    <tr>\n",
       "      <th>41</th>\n",
       "      <td>Heap Blocks: exact=59368</td>\n",
       "    </tr>\n",
       "    <tr>\n",
       "      <th>42</th>\n",
       "      <td>Buffers: shared hit=119042 read=59517 written=12</td>\n",
       "    </tr>\n",
       "    <tr>\n",
       "      <th>43</th>\n",
       "      <td>-&gt;  Bitmap Index Scan on idx_year_inproceedings  (cost=0.00..1910.38 rows=175194 width=0) (actual time=9.749..9.749 rows=176043 loops=3)</td>\n",
       "    </tr>\n",
       "    <tr>\n",
       "      <th>44</th>\n",
       "      <td>Index Cond: (year = '2018'::text)</td>\n",
       "    </tr>\n",
       "    <tr>\n",
       "      <th>45</th>\n",
       "      <td>Buffers: shared hit=304 read=151</td>\n",
       "    </tr>\n",
       "    <tr>\n",
       "      <th>46</th>\n",
       "      <td>Planning:</td>\n",
       "    </tr>\n",
       "    <tr>\n",
       "      <th>47</th>\n",
       "      <td>Buffers: shared hit=30 read=4</td>\n",
       "    </tr>\n",
       "    <tr>\n",
       "      <th>48</th>\n",
       "      <td>Planning Time: 1.032 ms</td>\n",
       "    </tr>\n",
       "    <tr>\n",
       "      <th>49</th>\n",
       "      <td>Execution Time: 957.015 ms</td>\n",
       "    </tr>\n",
       "  </tbody>\n",
       "</table>\n",
       "</div>"
      ],
      "text/plain": [
       "                                                                                                                                                                                          QUERY PLAN\n",
       "0                                                                                              Unique  (cost=416268.58..508132.91 rows=200 width=8) (actual time=944.256..956.138 rows=1456 loops=1)\n",
       "1                                                                                                                                                  Buffers: shared hit=135348 read=125840 written=12\n",
       "2                                                                ->  Subquery Scan on paper_counts  (cost=416268.58..507844.95 rows=115183 width=8) (actual time=944.255..955.860 rows=2691 loops=1)\n",
       "3                                                                                                                                                  Buffers: shared hit=135348 read=125840 written=12\n",
       "4                                                                     ->  Finalize GroupAggregate  (cost=416268.58..506693.12 rows=115183 width=48) (actual time=944.254..955.725 rows=2691 loops=1)\n",
       "5                                                                                                                                                 Group Key: inp.booktitle, (substr(inp.year, 3, 1))\n",
       "6                                                                                                                                                                          Filter: (count(*) >= 200)\n",
       "7                                                                                                                                                                       Rows Removed by Filter: 3890\n",
       "8                                                                                                                                                  Buffers: shared hit=135348 read=125840 written=12\n",
       "9                                                                               ->  Gather Merge  (cost=416268.58..496902.54 rows=691100 width=48) (actual time=944.243..953.757 rows=11304 loops=1)\n",
       "10                                                                                                                                                                                Workers Planned: 2\n",
       "11                                                                                                                                                                               Workers Launched: 2\n",
       "12                                                                                                                                                 Buffers: shared hit=135348 read=125840 written=12\n",
       "13                                                                                       ->  Sort  (cost=415268.55..416132.43 rows=345550 width=48) (actual time=924.705..924.921 rows=3768 loops=3)\n",
       "14                                                                                                                                                 Sort Key: inp.booktitle, (substr(inp.year, 3, 1))\n",
       "15                                                                                                                                                             Sort Method: quicksort  Memory: 270kB\n",
       "16                                                                                                                                                 Buffers: shared hit=135348 read=125840 written=12\n",
       "17                                                                                                                                                  Worker 0:  Sort Method: quicksort  Memory: 263kB\n",
       "18                                                                                                                                                  Worker 1:  Sort Method: quicksort  Memory: 263kB\n",
       "19                                                                      ->  Partial HashAggregate  (cost=346031.33..372847.48 rows=345550 width=48) (actual time=915.832..916.474 rows=3768 loops=3)\n",
       "20                                                                                                                                                  Group Key: inp.booktitle, substr(inp.year, 3, 1)\n",
       "21                                                                                                                                           Planned Partitions: 8  Batches: 1  Memory Usage: 2065kB\n",
       "22                                                                                                                                                 Buffers: shared hit=135333 read=125839 written=12\n",
       "23                                                                                                                                                       Worker 0:  Batches: 1  Memory Usage: 1809kB\n",
       "24                                                                                                                                                       Worker 1:  Batches: 1  Memory Usage: 1809kB\n",
       "25                                                                               ->  Hash Join  (cost=112063.33..216449.87 rows=1439794 width=40) (actual time=419.530..790.304 rows=791709 loops=3)\n",
       "26                                                                                                                                              Hash Cond: (inp.booktitle = inproceedings.booktitle)\n",
       "27                                                                                                                                                 Buffers: shared hit=135333 read=125839 written=12\n",
       "28                                                         ->  Parallel Seq Scan on inproceedings inp  (cost=0.00..97004.94 rows=1439794 width=13) (actual time=0.025..168.711 rows=1151835 loops=3)\n",
       "29                                                                                                                                                              Buffers: shared hit=16287 read=66320\n",
       "30                                                                                          ->  Hash  (cost=111988.05..111988.05 rows=6022 width=8) (actual time=419.461..419.462 rows=2901 loops=3)\n",
       "31                                                                                                                                                    Buckets: 8192  Batches: 1  Memory Usage: 183kB\n",
       "32                                                                                                                                                  Buffers: shared hit=119042 read=59517 written=12\n",
       "33                                                                                 ->  HashAggregate  (cost=111927.83..111988.05 rows=6022 width=8) (actual time=418.840..419.125 rows=2901 loops=3)\n",
       "34                                                                                                                                                                Group Key: inproceedings.booktitle\n",
       "35                                                                                                                                                                   Batches: 1  Memory Usage: 337kB\n",
       "36                                                                                                                                                  Buffers: shared hit=119042 read=59517 written=12\n",
       "37                                                                                                                                                        Worker 0:  Batches: 1  Memory Usage: 337kB\n",
       "38                                                                                                                                                        Worker 1:  Batches: 1  Memory Usage: 337kB\n",
       "39                                                            ->  Bitmap Heap Scan on inproceedings  (cost=1954.18..111489.85 rows=175194 width=8) (actual time=16.658..375.129 rows=176043 loops=3)\n",
       "40                                                                                                                                                               Recheck Cond: (year = '2018'::text)\n",
       "41                                                                                                                                                                          Heap Blocks: exact=59368\n",
       "42                                                                                                                                                  Buffers: shared hit=119042 read=59517 written=12\n",
       "43                                                          ->  Bitmap Index Scan on idx_year_inproceedings  (cost=0.00..1910.38 rows=175194 width=0) (actual time=9.749..9.749 rows=176043 loops=3)\n",
       "44                                                                                                                                                                 Index Cond: (year = '2018'::text)\n",
       "45                                                                                                                                                                  Buffers: shared hit=304 read=151\n",
       "46                                                                                                                                                                                         Planning:\n",
       "47                                                                                                                                                                     Buffers: shared hit=30 read=4\n",
       "48                                                                                                                                                                           Planning Time: 1.032 ms\n",
       "49                                                                                                                                                                        Execution Time: 957.015 ms"
      ]
     },
     "metadata": {},
     "output_type": "display_data"
    }
   ],
   "source": [
    "indexing_experiment(\"P1\")"
   ]
  },
  {
   "cell_type": "code",
   "execution_count": null,
   "metadata": {},
   "outputs": [],
   "source": []
  }
 ],
 "metadata": {
  "kernelspec": {
   "display_name": "springboard",
   "language": "python",
   "name": "python3"
  },
  "language_info": {
   "codemirror_mode": {
    "name": "ipython",
    "version": 3
   },
   "file_extension": ".py",
   "mimetype": "text/x-python",
   "name": "python",
   "nbconvert_exporter": "python",
   "pygments_lexer": "ipython3",
   "version": "3.12.3"
  },
  "orig_nbformat": 4
 },
 "nbformat": 4,
 "nbformat_minor": 2
}
